<?xml version="1.0" encoding="UTF-8"?>
<!-- Generated by org.testng.reporters.JUnitXMLReporter -->
<testsuite ignored="0" hostname="DESKTOP-TVD4B1F" failures="0" tests="6" name="Free CRM App Test Cases" time="38.064" errors="0" timestamp="07 Mar 2024 10:44:21 GMT">
  <testcase classname="com.crm.qa.testcasee.CustomerLoginDepositTest" name="depositAmount" time="2.149"/>
  <testcase classname="com.crm.qa.testcasee.CustomerLoginWithdrawlTest" name="WithdrawAmount" time="2.076"/>
  <testcase classname="com.crm.qa.testcasee.CustomerLoginTransactionTest" name="performTransaction" time="1.593"/>
  <testcase classname="com.crm.qa.testcasee.BankManager3OpenAcnt" name="validateOpenAccount" time="1.743"/>
  <testcase classname="com.crm.qa.testcasee.BankManger2AddCustomer" name="validateAddCustomer" time="1.383"/>
  <testcase classname="com.crm.qa.testcasee.BankManagerSearchTest" name="searchCustomer" time="1.762"/>
</testsuite> <!-- Free CRM App Test Cases -->
