<?xml version="1.0" encoding="UTF-8"?>
<testng-results ignored="0" total="6" passed="6" failed="0" skipped="0">
  <reporter-output>
  </reporter-output>
  <suite started-at="2024-03-07T10:43:43Z" name="FREE CRM Application Test Automation Test Suite" finished-at="2024-03-07T10:44:21Z" duration-ms="38064">
    <groups>
    </groups>
    <test started-at="2024-03-07T10:43:43Z" name="Free CRM App Test Cases" finished-at="2024-03-07T10:44:21Z" duration-ms="38064">
      <class name="com.crm.qa.testcasee.CustomerLoginTransactionTest">
        <test-method is-config="true" signature="setup()[pri:0, instance:com.crm.qa.testcasee.CustomerLoginTransactionTest@6973bf95]" started-at="2024-03-07T16:13:55Z" name="setup" finished-at="2024-03-07T16:13:58Z" duration-ms="3509" status="PASS">
          <reporter-output>
          </reporter-output>
        </test-method> <!-- setup -->
        <test-method signature="performTransaction()[pri:1, instance:com.crm.qa.testcasee.CustomerLoginTransactionTest@6973bf95]" started-at="2024-03-07T16:13:58Z" name="performTransaction" finished-at="2024-03-07T16:14:00Z" duration-ms="1593" status="PASS">
          <reporter-output>
          </reporter-output>
        </test-method> <!-- performTransaction -->
        <test-method is-config="true" signature="teardown()[pri:0, instance:com.crm.qa.testcasee.CustomerLoginTransactionTest@6973bf95]" started-at="2024-03-07T16:14:00Z" name="teardown" finished-at="2024-03-07T16:14:00Z" duration-ms="225" status="PASS">
          <reporter-output>
          </reporter-output>
        </test-method> <!-- teardown -->
      </class> <!-- com.crm.qa.testcasee.CustomerLoginTransactionTest -->
      <class name="com.crm.qa.testcasee.BankManagerSearchTest">
        <test-method is-config="true" signature="setup()[pri:0, instance:com.crm.qa.testcasee.BankManagerSearchTest@47542153]" started-at="2024-03-07T16:14:15Z" name="setup" finished-at="2024-03-07T16:14:19Z" duration-ms="3726" status="PASS">
          <reporter-output>
          </reporter-output>
        </test-method> <!-- setup -->
        <test-method signature="searchCustomer()[pri:1, instance:com.crm.qa.testcasee.BankManagerSearchTest@47542153]" started-at="2024-03-07T16:14:19Z" name="searchCustomer" finished-at="2024-03-07T16:14:21Z" duration-ms="1762" status="PASS">
          <reporter-output>
          </reporter-output>
        </test-method> <!-- searchCustomer -->
        <test-method is-config="true" signature="tearDown()[pri:0, instance:com.crm.qa.testcasee.BankManagerSearchTest@47542153]" started-at="2024-03-07T16:14:21Z" name="tearDown" finished-at="2024-03-07T16:14:21Z" duration-ms="191" status="PASS">
          <reporter-output>
          </reporter-output>
        </test-method> <!-- tearDown -->
        <test-method is-config="true" signature="teardown()[pri:0, instance:com.crm.qa.testcasee.BankManagerSearchTest@47542153]" started-at="2024-03-07T16:14:21Z" name="teardown" finished-at="2024-03-07T16:14:21Z" duration-ms="1" status="PASS">
          <reporter-output>
          </reporter-output>
        </test-method> <!-- teardown -->
      </class> <!-- com.crm.qa.testcasee.BankManagerSearchTest -->
      <class name="com.crm.qa.testcasee.BankManger2AddCustomer">
        <test-method is-config="true" signature="setup()[pri:0, instance:com.crm.qa.testcasee.BankManger2AddCustomer@229d10bd]" started-at="2024-03-07T16:14:06Z" name="setup" finished-at="2024-03-07T16:14:10Z" duration-ms="3812" status="PASS">
          <reporter-output>
          </reporter-output>
        </test-method> <!-- setup -->
        <test-method is-config="true" signature="setUp()[pri:0, instance:com.crm.qa.testcasee.BankManger2AddCustomer@229d10bd]" started-at="2024-03-07T16:14:10Z" name="setUp" finished-at="2024-03-07T16:14:14Z" duration-ms="3621" status="PASS">
          <reporter-output>
          </reporter-output>
        </test-method> <!-- setUp -->
        <test-method signature="validateAddCustomer()[pri:1, instance:com.crm.qa.testcasee.BankManger2AddCustomer@229d10bd]" started-at="2024-03-07T16:14:14Z" name="validateAddCustomer" finished-at="2024-03-07T16:14:15Z" duration-ms="1383" status="PASS">
          <reporter-output>
          </reporter-output>
        </test-method> <!-- validateAddCustomer -->
        <test-method is-config="true" signature="tearDown()[pri:0, instance:com.crm.qa.testcasee.BankManger2AddCustomer@229d10bd]" started-at="2024-03-07T16:14:15Z" name="tearDown" finished-at="2024-03-07T16:14:15Z" duration-ms="269" status="PASS">
          <reporter-output>
          </reporter-output>
        </test-method> <!-- tearDown -->
        <test-method is-config="true" signature="teardown()[pri:0, instance:com.crm.qa.testcasee.BankManger2AddCustomer@229d10bd]" started-at="2024-03-07T16:14:15Z" name="teardown" finished-at="2024-03-07T16:14:15Z" duration-ms="0" status="PASS">
          <reporter-output>
          </reporter-output>
        </test-method> <!-- teardown -->
      </class> <!-- com.crm.qa.testcasee.BankManger2AddCustomer -->
      <class name="com.crm.qa.testcasee.BankManager3OpenAcnt">
        <test-method is-config="true" signature="setup()[pri:0, instance:com.crm.qa.testcasee.BankManager3OpenAcnt@2ddc8ecb]" started-at="2024-03-07T16:14:00Z" name="setup" finished-at="2024-03-07T16:14:04Z" duration-ms="3887" status="PASS">
          <reporter-output>
          </reporter-output>
        </test-method> <!-- setup -->
        <test-method signature="validateOpenAccount()[pri:1, instance:com.crm.qa.testcasee.BankManager3OpenAcnt@2ddc8ecb]" started-at="2024-03-07T16:14:04Z" name="validateOpenAccount" finished-at="2024-03-07T16:14:06Z" duration-ms="1743" status="PASS">
          <reporter-output>
          </reporter-output>
        </test-method> <!-- validateOpenAccount -->
        <test-method is-config="true" signature="teardown()[pri:0, instance:com.crm.qa.testcasee.BankManager3OpenAcnt@2ddc8ecb]" started-at="2024-03-07T16:14:06Z" name="teardown" finished-at="2024-03-07T16:14:06Z" duration-ms="250" status="PASS">
          <reporter-output>
          </reporter-output>
        </test-method> <!-- teardown -->
      </class> <!-- com.crm.qa.testcasee.BankManager3OpenAcnt -->
      <class name="com.crm.qa.testcasee.CustomerLoginWithdrawlTest">
        <test-method is-config="true" signature="setup()[pri:0, instance:com.crm.qa.testcasee.CustomerLoginWithdrawlTest@6ce139a4]" started-at="2024-03-07T16:13:49Z" name="setup" finished-at="2024-03-07T16:13:53Z" duration-ms="3400" status="PASS">
          <reporter-output>
          </reporter-output>
        </test-method> <!-- setup -->
        <test-method signature="WithdrawAmount()[pri:1, instance:com.crm.qa.testcasee.CustomerLoginWithdrawlTest@6ce139a4]" started-at="2024-03-07T16:13:53Z" name="WithdrawAmount" finished-at="2024-03-07T16:13:55Z" duration-ms="2076" status="PASS">
          <reporter-output>
          </reporter-output>
        </test-method> <!-- WithdrawAmount -->
        <test-method is-config="true" signature="teardown()[pri:0, instance:com.crm.qa.testcasee.CustomerLoginWithdrawlTest@6ce139a4]" started-at="2024-03-07T16:13:55Z" name="teardown" finished-at="2024-03-07T16:13:55Z" duration-ms="241" status="PASS">
          <reporter-output>
          </reporter-output>
        </test-method> <!-- teardown -->
      </class> <!-- com.crm.qa.testcasee.CustomerLoginWithdrawlTest -->
      <class name="com.crm.qa.testcasee.CustomerLoginDepositTest">
        <test-method is-config="true" signature="setup()[pri:0, instance:com.crm.qa.testcasee.CustomerLoginDepositTest@1fe20588]" started-at="2024-03-07T16:13:43Z" name="setup" finished-at="2024-03-07T16:13:47Z" duration-ms="4040" status="PASS">
          <reporter-output>
          </reporter-output>
        </test-method> <!-- setup -->
        <test-method signature="depositAmount()[pri:1, instance:com.crm.qa.testcasee.CustomerLoginDepositTest@1fe20588]" started-at="2024-03-07T16:13:47Z" name="depositAmount" finished-at="2024-03-07T16:13:49Z" duration-ms="2149" status="PASS">
          <reporter-output>
          </reporter-output>
        </test-method> <!-- depositAmount -->
        <test-method is-config="true" signature="teardown()[pri:0, instance:com.crm.qa.testcasee.CustomerLoginDepositTest@1fe20588]" started-at="2024-03-07T16:13:49Z" name="teardown" finished-at="2024-03-07T16:13:49Z" duration-ms="160" status="PASS">
          <reporter-output>
          </reporter-output>
        </test-method> <!-- teardown -->
        <test-method is-config="true" signature="tearDown()[pri:0, instance:com.crm.qa.testcasee.CustomerLoginTransactionTest@6973bf95]" started-at="2024-03-07T16:14:21Z" name="tearDown" finished-at="2024-03-07T16:14:21Z" duration-ms="0" status="PASS">
          <reporter-output>
          </reporter-output>
        </test-method> <!-- tearDown -->
        <test-method is-config="true" signature="tearDown()[pri:0, instance:com.crm.qa.testcasee.CustomerLoginWithdrawlTest@6ce139a4]" started-at="2024-03-07T16:14:21Z" name="tearDown" finished-at="2024-03-07T16:14:21Z" duration-ms="1" status="PASS">
          <reporter-output>
          </reporter-output>
        </test-method> <!-- tearDown -->
        <test-method is-config="true" signature="tearDown()[pri:0, instance:com.crm.qa.testcasee.CustomerLoginDepositTest@1fe20588]" started-at="2024-03-07T16:14:21Z" name="tearDown" finished-at="2024-03-07T16:14:21Z" duration-ms="0" status="PASS">
          <reporter-output>
          </reporter-output>
        </test-method> <!-- tearDown -->
      </class> <!-- com.crm.qa.testcasee.CustomerLoginDepositTest -->
    </test> <!-- Free CRM App Test Cases -->
  </suite> <!-- FREE CRM Application Test Automation Test Suite -->
</testng-results>
